2014-09-05 19:46:19 [main] [gdftpserver.MainServer.main(MainServer.java:281)] [INFO] [程序开始运行!]
 2014-09-05 19:46:41 [main] [gdftpserver.MainServer.main(MainServer.java:287)] [INFO] [/127.0.0.1:58073发起连接，已接受!]
 2014-09-05 19:46:41 [Thread-0] [gdftpserver.MainServer.run(MainServer.java:245)] [INFO] [线程开始运行]
 2014-09-05 19:46:41 [Thread-0] [gdftpserver.MainServer.ReadDataFromBank(MainServer.java:54)] [INFO] [函数开始执行]
 2014-09-05 19:46:41 [Thread-0] [gdftpserver.MainServer.ReadDataFromBank(MainServer.java:75)] [INFO] [获得报文头0550]
 2014-09-05 19:46:41 [Thread-0] [gdftpserver.MainServer.ReadDataFromBank(MainServer.java:93)] [INFO] [获得的整个报文[554]05500098    2013061400000022    20140905103106029 BK0100000000111111112002038795598       qudao                                                                                       0000    1111                201407120029                                    0029                                    0029                                                                                                                                                                                                                                                            ]
 2014-09-05 19:46:41 [Thread-0] [gdftpserver.MainServer.ReadDataFromBank(MainServer.java:95)] [INFO] [函数正常退出！]
 2014-09-05 19:46:41 [Thread-0] [gdftpserver.MainServer.DuiZhangDataJieXi(MainServer.java:111)] [INFO] [函数开始运行]
 2014-09-05 19:46:41 [Thread-0] [gdftpserver.MainServer.DuiZhangDataJieXi(MainServer.java:120)] [INFO] [解析到的数据[0][4][0550]]
 2014-09-05 19:46:41 [Thread-0] [gdftpserver.MainServer.DuiZhangDataJieXi(MainServer.java:120)] [INFO] [解析到的数据[1][8][0098    ]]
 2014-09-05 19:46:41 [Thread-0] [gdftpserver.MainServer.DuiZhangDataJieXi(MainServer.java:120)] [INFO] [解析到的数据[2][20][2013061400000022    ]]
 2014-09-05 19:46:41 [Thread-0] [gdftpserver.MainServer.DuiZhangDataJieXi(MainServer.java:120)] [INFO] [解析到的数据[3][8][20140905]]
 2014-09-05 19:46:41 [Thread-0] [gdftpserver.MainServer.DuiZhangDataJieXi(MainServer.java:120)] [INFO] [解析到的数据[4][6][103106]]
 2014-09-05 19:46:41 [Thread-0] [gdftpserver.MainServer.DuiZhangDataJieXi(MainServer.java:120)] [INFO] [解析到的数据[5][4][029 ]]
 2014-09-05 19:46:41 [Thread-0] [gdftpserver.MainServer.DuiZhangDataJieXi(MainServer.java:120)] [INFO] [解析到的数据[6][12][BK0100000000]]
 2014-09-05 19:46:41 [Thread-0] [gdftpserver.MainServer.DuiZhangDataJieXi(MainServer.java:120)] [INFO] [解析到的数据[7][8][11111111]]
 2014-09-05 19:46:41 [Thread-0] [gdftpserver.MainServer.DuiZhangDataJieXi(MainServer.java:120)] [INFO] [解析到的数据[8][8][20020387]]
 2014-09-05 19:46:41 [Thread-0] [gdftpserver.MainServer.DuiZhangDataJieXi(MainServer.java:120)] [INFO] [解析到的数据[9][12][95598       ]]
 2014-09-05 19:46:41 [Thread-0] [gdftpserver.MainServer.DuiZhangDataJieXi(MainServer.java:120)] [INFO] [解析到的数据[10][12][qudao       ]]
 2014-09-05 19:46:41 [Thread-0] [gdftpserver.MainServer.DuiZhangDataJieXi(MainServer.java:120)] [INFO] [解析到的数据[11][40][                                        ]]
 2014-09-05 19:46:41 [Thread-0] [gdftpserver.MainServer.DuiZhangDataJieXi(MainServer.java:120)] [INFO] [解析到的数据[12][40][                                        ]]
 2014-09-05 19:46:41 [Thread-0] [gdftpserver.MainServer.DuiZhangDataJieXi(MainServer.java:120)] [INFO] [解析到的数据[13][8][0000    ]]
 2014-09-05 19:46:41 [Thread-0] [gdftpserver.MainServer.DuiZhangDataJieXi(MainServer.java:120)] [INFO] [解析到的数据[14][20][1111                ]]
 2014-09-05 19:46:41 [Thread-0] [gdftpserver.MainServer.DuiZhangDataJieXi(MainServer.java:120)] [INFO] [解析到的数据[15][8][20140712]]
 2014-09-05 19:46:41 [Thread-0] [gdftpserver.MainServer.DuiZhangDataJieXi(MainServer.java:120)] [INFO] [解析到的数据[16][40][0029                                    ]]
 2014-09-05 19:46:41 [Thread-0] [gdftpserver.MainServer.DuiZhangDataJieXi(MainServer.java:120)] [INFO] [解析到的数据[17][40][0029                                    ]]
 2014-09-05 19:46:41 [Thread-0] [gdftpserver.MainServer.DuiZhangDataJieXi(MainServer.java:120)] [INFO] [解析到的数据[18][256][0029                                                                                                                                                                                                                                                            ]]
 2014-09-05 19:46:41 [Thread-0] [gdftpserver.MainServer.DuiZhangDataJieXi(MainServer.java:123)] [INFO] [函数正常退出]
 2014-09-05 19:46:41 [Thread-0] [gdftpserver.TableManage.LogTableSelectByDate(TableManage.java:26)] [INFO] [sql语句：SELECT * FROM gdbank_log where jyrq ='20140712' and jycgbs ='0']
 2014-09-05 19:46:41 [Thread-0] [gdftpserver.StateGrid.GetDuiZhangFile(StateGrid.java:158)] [INFO] [函数开始执行]
 2014-09-05 19:46:41 [Thread-0] [gdftpserver.StateGrid.GetDuiZhangFile(StateGrid.java:160)] [INFO] [本地保存文件路径为D:\localftp\20140905\]
 2014-09-05 19:46:41 [Thread-0] [gdftpserver.StateGrid.GetDuiZhangFile(StateGrid.java:166)] [INFO] [文件夹不存在，创建成功]
 2014-09-05 19:46:42 [Thread-0] [gdftpserver.StateGrid.GetDuiZhangFile(StateGrid.java:176)] [INFO] [远程目录下有4个文件]
 2014-09-05 19:46:42 [Thread-0] [gdftpserver.StateGrid.GetDuiZhangFile(StateGrid.java:181)] [INFO] [文件：0000000000000045_01_614044101_20131126_01.txt是电力的对账文件，继续解析]
 2014-09-05 19:46:42 [Thread-0] [gdftpserver.StateGrid.GetDuiZhangFile(StateGrid.java:184)] [INFO] [文件0000000000000045_01_614044101_20131126_01.txt文件名解析结果：]
 2014-09-05 19:46:42 [Thread-0] [gdftpserver.StateGrid.GetDuiZhangFile(StateGrid.java:186)] [INFO] [0000000000000045]
 2014-09-05 19:46:42 [Thread-0] [gdftpserver.StateGrid.GetDuiZhangFile(StateGrid.java:186)] [INFO] [01]
 2014-09-05 19:46:42 [Thread-0] [gdftpserver.StateGrid.GetDuiZhangFile(StateGrid.java:186)] [INFO] [614044101]
 2014-09-05 19:46:42 [Thread-0] [gdftpserver.StateGrid.GetDuiZhangFile(StateGrid.java:186)] [INFO] [20131126]
 2014-09-05 19:46:42 [Thread-0] [gdftpserver.StateGrid.GetDuiZhangFile(StateGrid.java:186)] [INFO] [01.txt]
 2014-09-05 19:46:42 [Thread-0] [gdftpserver.StateGrid.GetDuiZhangFile(StateGrid.java:195)] [WARN] [对账文件0000000000000045_01_614044101_20131126_01.txt不是20140712的对账文件，不进行下载]
 2014-09-05 19:46:42 [Thread-0] [gdftpserver.StateGrid.GetDuiZhangFile(StateGrid.java:181)] [INFO] [文件：0000000000000048_01_61403_20140314_01.txt是电力的对账文件，继续解析]
 2014-09-05 19:46:42 [Thread-0] [gdftpserver.StateGrid.GetDuiZhangFile(StateGrid.java:184)] [INFO] [文件0000000000000048_01_61403_20140314_01.txt文件名解析结果：]
 2014-09-05 19:46:42 [Thread-0] [gdftpserver.StateGrid.GetDuiZhangFile(StateGrid.java:186)] [INFO] [0000000000000048]
 2014-09-05 19:46:42 [Thread-0] [gdftpserver.StateGrid.GetDuiZhangFile(StateGrid.java:186)] [INFO] [01]
 2014-09-05 19:46:42 [Thread-0] [gdftpserver.StateGrid.GetDuiZhangFile(StateGrid.java:186)] [INFO] [61403]
 2014-09-05 19:46:42 [Thread-0] [gdftpserver.StateGrid.GetDuiZhangFile(StateGrid.java:186)] [INFO] [20140314]
 2014-09-05 19:46:42 [Thread-0] [gdftpserver.StateGrid.GetDuiZhangFile(StateGrid.java:186)] [INFO] [01.txt]
 2014-09-05 19:46:42 [Thread-0] [gdftpserver.StateGrid.GetDuiZhangFile(StateGrid.java:195)] [WARN] [对账文件0000000000000048_01_61403_20140314_01.txt不是20140712的对账文件，不进行下载]
 2014-09-05 19:46:42 [Thread-0] [gdftpserver.StateGrid.GetDuiZhangFile(StateGrid.java:200)] [WARN] [文件：GDYH_20140712.txt不是电力的对账文件，停止解析]
 2014-09-05 19:46:42 [Thread-0] [gdftpserver.StateGrid.GetDuiZhangFile(StateGrid.java:200)] [WARN] [文件：GDYH_20140904.txt不是电力的对账文件，停止解析]
 2014-09-05 19:46:42 [Thread-0] [gdftpserver.StateGrid.GetDuiZhangFile(StateGrid.java:204)] [INFO] [函数正常退出]
 2014-09-05 19:46:42 [Thread-0] [gdftpserver.SXBCTV.GetDuiZhangFile(SXBCTV.java:231)] [INFO] [函数开始执行]
 2014-09-05 19:46:42 [Thread-0] [gdftpserver.SXBCTV.GetDuiZhangFile(SXBCTV.java:233)] [INFO] [本地保存文件路径为D:\localftp\20140905\]
 2014-09-05 19:46:42 [Thread-0] [gdftpserver.SXBCTV.GetDuiZhangFile(SXBCTV.java:239)] [INFO] [文件夹已存在，不需创建]
 2014-09-05 19:46:42 [Thread-0] [gdftpserver.SXBCTV.GetDuiZhangFile(SXBCTV.java:249)] [INFO] [远程目录下有4个文件]
 2014-09-05 19:46:42 [Thread-0] [gdftpserver.SXBCTV.GetDuiZhangFile(SXBCTV.java:273)] [WARN] [文件：0000000000000045_01_614044101_20131126_01.txt不是广电的对账文件，停止解析]
 2014-09-05 19:46:42 [Thread-0] [gdftpserver.SXBCTV.GetDuiZhangFile(SXBCTV.java:273)] [WARN] [文件：0000000000000048_01_61403_20140314_01.txt不是广电的对账文件，停止解析]
 2014-09-05 19:46:42 [Thread-0] [gdftpserver.SXBCTV.GetDuiZhangFile(SXBCTV.java:254)] [INFO] [文件：GDYH_20140712.txt是广电的对账文件，继续解析]
 2014-09-05 19:46:42 [Thread-0] [gdftpserver.SXBCTV.GetDuiZhangFile(SXBCTV.java:257)] [INFO] [文件GDYH_20140712.txt文件名解析结果：]
 2014-09-05 19:46:42 [Thread-0] [gdftpserver.SXBCTV.GetDuiZhangFile(SXBCTV.java:259)] [INFO] [GDYH]
 2014-09-05 19:46:42 [Thread-0] [gdftpserver.SXBCTV.GetDuiZhangFile(SXBCTV.java:259)] [INFO] [20140712.txt]
 2014-09-05 19:46:42 [Thread-0] [gdftpserver.SXBCTV.GetDuiZhangFile(SXBCTV.java:262)] [INFO] [对账文件GDYH_20140712.txt是20140712的对账文件，进行下载]
 2014-09-05 19:46:42 [Thread-0] [gdftpserver.SXBCTV.GetDuiZhangFile(SXBCTV.java:254)] [INFO] [文件：GDYH_20140904.txt是广电的对账文件，继续解析]
 2014-09-05 19:46:42 [Thread-0] [gdftpserver.SXBCTV.GetDuiZhangFile(SXBCTV.java:257)] [INFO] [文件GDYH_20140904.txt文件名解析结果：]
 2014-09-05 19:46:42 [Thread-0] [gdftpserver.SXBCTV.GetDuiZhangFile(SXBCTV.java:259)] [INFO] [GDYH]
 2014-09-05 19:46:42 [Thread-0] [gdftpserver.SXBCTV.GetDuiZhangFile(SXBCTV.java:259)] [INFO] [20140904.txt]
 2014-09-05 19:46:42 [Thread-0] [gdftpserver.SXBCTV.GetDuiZhangFile(SXBCTV.java:268)] [WARN] [对账文件GDYH_20140904.txt不是20140712的对账文件，不进行下载]
 2014-09-05 19:46:42 [Thread-0] [gdftpserver.SXBCTV.GetDuiZhangFile(SXBCTV.java:277)] [INFO] [函数正常退出]
 2014-09-05 19:46:42 [Thread-0] [gdftpserver.MainServer.SendDataToBank(MainServer.java:127)] [INFO] [函数开始运行]
 2014-09-05 19:46:42 [Thread-0] [gdftpserver.MainServer.SendDataToBank(MainServer.java:147)] [INFO] [发送的数据为:[228]02242013061400000022    00                                                              029                                                                                                                                         ]
 2014-09-05 19:46:42 [Thread-0] [gdftpserver.MainServer.SendDataToBank(MainServer.java:148)] [INFO] [函数正常退出]
 2014-09-05 19:46:42 [Thread-0] [gdftpserver.StateGrid.FileJieXi(StateGrid.java:31)] [INFO] [开始解析文件：D:\localftp\20140905\GDYH_20140712.txt]
 2014-09-05 19:46:42 [Thread-0] [gdftpserver.StateGrid.FileJieXi(StateGrid.java:142)] [WARN] [文件：GDYH_20140712.txt不是电力的对账文件，停止解析]
 2014-09-05 19:46:42 [Thread-0] [gdftpserver.SXBCTV.FileJieXi(SXBCTV.java:38)] [INFO] [开始解析文件：D:\localftp\20140905\GDYH_20140712.txt]
 2014-09-05 19:46:42 [Thread-0] [gdftpserver.SXBCTV.FileJieXi(SXBCTV.java:41)] [INFO] [文件：GDYH_20140712.txt是广电的对账文件，继续解析]
 2014-09-05 19:46:42 [Thread-0] [gdftpserver.SXBCTV.FileJieXi(SXBCTV.java:52)] [INFO] [获得的第一行为：NYYH348864438                           NYYH                BIZ00801                                          360.00   021064              610600              1  ]
 2014-09-05 19:46:42 [Thread-0] [gdftpserver.SXBCTV.FileJieXi(SXBCTV.java:53)] [INFO] [获得的第二行为：021064              农行数字电视续费B包（360元）                      360.00   NYYH                BIZ00801                                          1  ]
 2014-09-05 19:46:42 [Thread-0] [gdftpserver.SXBCTV.FileJieXi(SXBCTV.java:54)] [INFO] [获得的第三行为：2600071200000000461350000514286746147      021064                                                                                                            YA延安本级          021064              农行数字电视续费B包（360元）                      360.00   NYYH                BIZ00801                                          1                               ]
 2014-09-05 19:46:42 [Thread-0] [gdftpserver.SXBCTV.FileJieXi(SXBCTV.java:59)] [INFO] [第一行长度为：162]
 2014-09-05 19:46:42 [Thread-0] [gdftpserver.SXBCTV.FileJieXi(SXBCTV.java:60)] [INFO] [第二行长度为：152]
 2014-09-05 19:46:42 [Thread-0] [gdftpserver.SXBCTV.FileJieXi(SXBCTV.java:61)] [INFO] [第三行长度为：358]
 2014-09-05 19:46:42 [Thread-0] [gdftpserver.SXBCTV.FileJieXi(SXBCTV.java:84)] [INFO] [分割后的第一行：NYYH348864438]
 2014-09-05 19:46:42 [Thread-0] [gdftpserver.SXBCTV.FileJieXi(SXBCTV.java:84)] [INFO] [分割后的第一行：NYYH]
 2014-09-05 19:46:42 [Thread-0] [gdftpserver.SXBCTV.FileJieXi(SXBCTV.java:84)] [INFO] [分割后的第一行：BIZ00801]
 2014-09-05 19:46:42 [Thread-0] [gdftpserver.SXBCTV.FileJieXi(SXBCTV.java:84)] [INFO] [分割后的第一行：360.00]
 2014-09-05 19:46:42 [Thread-0] [gdftpserver.SXBCTV.FileJieXi(SXBCTV.java:84)] [INFO] [分割后的第一行：021064]
 2014-09-05 19:46:42 [Thread-0] [gdftpserver.SXBCTV.FileJieXi(SXBCTV.java:84)] [INFO] [分割后的第一行：610600]
 2014-09-05 19:46:42 [Thread-0] [gdftpserver.SXBCTV.FileJieXi(SXBCTV.java:84)] [INFO] [分割后的第一行：1]
 2014-09-05 19:46:42 [Thread-0] [gdftpserver.SXBCTV.FileJieXi(SXBCTV.java:111)] [INFO] [分割后的第二行：021064]
 2014-09-05 19:46:42 [Thread-0] [gdftpserver.SXBCTV.FileJieXi(SXBCTV.java:111)] [INFO] [分割后的第二行：农行数字电视续费B包（360元）]
 2014-09-05 19:46:42 [Thread-0] [gdftpserver.SXBCTV.FileJieXi(SXBCTV.java:111)] [INFO] [分割后的第二行：360.00]
 2014-09-05 19:46:42 [Thread-0] [gdftpserver.SXBCTV.FileJieXi(SXBCTV.java:111)] [INFO] [分割后的第二行：NYYH]
 2014-09-05 19:46:42 [Thread-0] [gdftpserver.SXBCTV.FileJieXi(SXBCTV.java:111)] [INFO] [分割后的第二行：BIZ00801]
 2014-09-05 19:46:42 [Thread-0] [gdftpserver.SXBCTV.FileJieXi(SXBCTV.java:111)] [INFO] [分割后的第二行：1]
 2014-09-05 19:46:42 [Thread-0] [gdftpserver.SXBCTV.FileJieXi(SXBCTV.java:155)] [INFO] [分割后的第三行：26000712000000004613]
 2014-09-05 19:46:42 [Thread-0] [gdftpserver.SXBCTV.FileJieXi(SXBCTV.java:155)] [INFO] [分割后的第三行：500005]
 2014-09-05 19:46:42 [Thread-0] [gdftpserver.SXBCTV.FileJieXi(SXBCTV.java:155)] [INFO] [分割后的第三行：1]
 2014-09-05 19:46:42 [Thread-0] [gdftpserver.SXBCTV.FileJieXi(SXBCTV.java:155)] [INFO] [分割后的第三行：4286746147]
 2014-09-05 19:46:42 [Thread-0] [gdftpserver.SXBCTV.FileJieXi(SXBCTV.java:155)] [INFO] [分割后的第三行：021064]
 2014-09-05 19:46:42 [Thread-0] [gdftpserver.SXBCTV.FileJieXi(SXBCTV.java:155)] [INFO] [分割后的第三行：]
 2014-09-05 19:46:42 [Thread-0] [gdftpserver.SXBCTV.FileJieXi(SXBCTV.java:155)] [INFO] [分割后的第三行：]
 2014-09-05 19:46:42 [Thread-0] [gdftpserver.SXBCTV.FileJieXi(SXBCTV.java:155)] [INFO] [分割后的第三行：]
 2014-09-05 19:46:42 [Thread-0] [gdftpserver.SXBCTV.FileJieXi(SXBCTV.java:155)] [INFO] [分割后的第三行：YA延安本级]
 2014-09-05 19:46:42 [Thread-0] [gdftpserver.SXBCTV.FileJieXi(SXBCTV.java:155)] [INFO] [分割后的第三行：021064]
 2014-09-05 19:46:42 [Thread-0] [gdftpserver.SXBCTV.FileJieXi(SXBCTV.java:155)] [INFO] [分割后的第三行：农行数字电视续费B包（360元）]
 2014-09-05 19:46:42 [Thread-0] [gdftpserver.SXBCTV.FileJieXi(SXBCTV.java:155)] [INFO] [分割后的第三行：360.00]
 2014-09-05 19:46:42 [Thread-0] [gdftpserver.SXBCTV.FileJieXi(SXBCTV.java:155)] [INFO] [分割后的第三行：NYYH]
 2014-09-05 19:46:42 [Thread-0] [gdftpserver.SXBCTV.FileJieXi(SXBCTV.java:155)] [INFO] [分割后的第三行：BIZ00801]
 2014-09-05 19:46:42 [Thread-0] [gdftpserver.SXBCTV.FileJieXi(SXBCTV.java:155)] [INFO] [分割后的第三行：1]
 2014-09-05 19:46:42 [Thread-0] [gdftpserver.SXBCTV.FileJieXi(SXBCTV.java:155)] [INFO] [分割后的第三行：]
 2014-09-05 19:46:42 [Thread-0] [gdftpserver.SXBCTV.FileJieXi(SXBCTV.java:208)] [INFO] [生成的对象：BankStateVo [jybs=NYYH348864438, jym=0001, jymc=缴费, khbs=4286746147, khfzxx=, khmc=, jyrq=20140712, jysj=, jyje=36000, jycgbs=0, jycgbsxq=成功, yjylsh=, jyzt=0, jyztxq=成功, fhxx=, qybm=0911, qymc=延安, jyqdbm=, jyqdmc=, jyjg=, jyjgmc=, czyh=, sfdwlbbm=96766, sfdwlbmc=广电缴费, sfdwyjjgbm=096766, sfdwyjjgmc=陕西广电网络, sfdwejjgbm=, sfdwejjgmc=, dzwjm=GDYH_20140712.txt, sdrq=20140905, dzjg=0, dzjgxq=未对账, beizhu=, baoliu1=, baoliu2=, baoliu3=, scsj=]]
 2014-09-05 19:46:42 [Thread-0] [gdftpserver.SXBCTV.FileJieXi(SXBCTV.java:52)] [INFO] [获得的第一行为：NYYH421243992                           NYYH                BIZ00801                                          360.00   021064              610100              2  ]
 2014-09-05 19:46:42 [Thread-0] [gdftpserver.SXBCTV.FileJieXi(SXBCTV.java:53)] [INFO] [获得的第二行为：021064              农行数字电视续费B包（360元）                      360.00   NYYH                BIZ00801                                          1  ]
 2014-09-05 19:46:42 [Thread-0] [gdftpserver.SXBCTV.FileJieXi(SXBCTV.java:54)] [INFO] [获得的第三行为：26020712000000130516500005141433722430     021064                                                                                                            XA西安本级          021064              农行数字电视续费B包（360元）                      360.00   NYYH                BIZ00801                                          1                               ]
 2014-09-05 19:46:42 [Thread-0] [gdftpserver.SXBCTV.FileJieXi(SXBCTV.java:59)] [INFO] [第一行长度为：162]
 2014-09-05 19:46:42 [Thread-0] [gdftpserver.SXBCTV.FileJieXi(SXBCTV.java:60)] [INFO] [第二行长度为：152]
 2014-09-05 19:46:42 [Thread-0] [gdftpserver.SXBCTV.FileJieXi(SXBCTV.java:61)] [INFO] [第三行长度为：358]
 2014-09-05 19:46:42 [Thread-0] [gdftpserver.SXBCTV.FileJieXi(SXBCTV.java:84)] [INFO] [分割后的第一行：NYYH421243992]
 2014-09-05 19:46:42 [Thread-0] [gdftpserver.SXBCTV.FileJieXi(SXBCTV.java:84)] [INFO] [分割后的第一行：NYYH]
 2014-09-05 19:46:42 [Thread-0] [gdftpserver.SXBCTV.FileJieXi(SXBCTV.java:84)] [INFO] [分割后的第一行：BIZ00801]
 2014-09-05 19:46:42 [Thread-0] [gdftpserver.SXBCTV.FileJieXi(SXBCTV.java:84)] [INFO] [分割后的第一行：360.00]
 2014-09-05 19:46:42 [Thread-0] [gdftpserver.SXBCTV.FileJieXi(SXBCTV.java:84)] [INFO] [分割后的第一行：021064]
 2014-09-05 19:46:42 [Thread-0] [gdftpserver.SXBCTV.FileJieXi(SXBCTV.java:84)] [INFO] [分割后的第一行：610100]
 2014-09-05 19:46:42 [Thread-0] [gdftpserver.SXBCTV.FileJieXi(SXBCTV.java:84)] [INFO] [分割后的第一行：2]
 2014-09-05 19:46:42 [Thread-0] [gdftpserver.SXBCTV.FileJieXi(SXBCTV.java:111)] [INFO] [分割后的第二行：021064]
 2014-09-05 19:46:42 [Thread-0] [gdftpserver.SXBCTV.FileJieXi(SXBCTV.java:111)] [INFO] [分割后的第二行：农行数字电视续费B包（360元）]
 2014-09-05 19:46:42 [Thread-0] [gdftpserver.SXBCTV.FileJieXi(SXBCTV.java:111)] [INFO] [分割后的第二行：360.00]
 2014-09-05 19:46:42 [Thread-0] [gdftpserver.SXBCTV.FileJieXi(SXBCTV.java:111)] [INFO] [分割后的第二行：NYYH]
 2014-09-05 19:46:42 [Thread-0] [gdftpserver.SXBCTV.FileJieXi(SXBCTV.java:111)] [INFO] [分割后的第二行：BIZ00801]
 2014-09-05 19:46:42 [Thread-0] [gdftpserver.SXBCTV.FileJieXi(SXBCTV.java:111)] [INFO] [分割后的第二行：1]
 2014-09-05 19:46:42 [Thread-0] [gdftpserver.SXBCTV.FileJieXi(SXBCTV.java:155)] [INFO] [分割后的第三行：26020712000000130516]
 2014-09-05 19:46:42 [Thread-0] [gdftpserver.SXBCTV.FileJieXi(SXBCTV.java:155)] [INFO] [分割后的第三行：500005]
 2014-09-05 19:46:42 [Thread-0] [gdftpserver.SXBCTV.FileJieXi(SXBCTV.java:155)] [INFO] [分割后的第三行：1]
 2014-09-05 19:46:42 [Thread-0] [gdftpserver.SXBCTV.FileJieXi(SXBCTV.java:155)] [INFO] [分割后的第三行：41433722430]
 2014-09-05 19:46:42 [Thread-0] [gdftpserver.SXBCTV.FileJieXi(SXBCTV.java:155)] [INFO] [分割后的第三行：021064]
 2014-09-05 19:46:42 [Thread-0] [gdftpserver.SXBCTV.FileJieXi(SXBCTV.java:155)] [INFO] [分割后的第三行：]
 2014-09-05 19:46:42 [Thread-0] [gdftpserver.SXBCTV.FileJieXi(SXBCTV.java:155)] [INFO] [分割后的第三行：]
 2014-09-05 19:46:42 [Thread-0] [gdftpserver.SXBCTV.FileJieXi(SXBCTV.java:155)] [INFO] [分割后的第三行：]
 2014-09-05 19:46:42 [Thread-0] [gdftpserver.SXBCTV.FileJieXi(SXBCTV.java:155)] [INFO] [分割后的第三行：XA西安本级]
 2014-09-05 19:46:42 [Thread-0] [gdftpserver.SXBCTV.FileJieXi(SXBCTV.java:155)] [INFO] [分割后的第三行：021064]
 2014-09-05 19:46:42 [Thread-0] [gdftpserver.SXBCTV.FileJieXi(SXBCTV.java:155)] [INFO] [分割后的第三行：农行数字电视续费B包（360元）]
 2014-09-05 19:46:42 [Thread-0] [gdftpserver.SXBCTV.FileJieXi(SXBCTV.java:155)] [INFO] [分割后的第三行：360.00]
 2014-09-05 19:46:42 [Thread-0] [gdftpserver.SXBCTV.FileJieXi(SXBCTV.java:155)] [INFO] [分割后的第三行：NYYH]
 2014-09-05 19:46:42 [Thread-0] [gdftpserver.SXBCTV.FileJieXi(SXBCTV.java:155)] [INFO] [分割后的第三行：BIZ00801]
 2014-09-05 19:46:42 [Thread-0] [gdftpserver.SXBCTV.FileJieXi(SXBCTV.java:155)] [INFO] [分割后的第三行：1]
 2014-09-05 19:46:42 [Thread-0] [gdftpserver.SXBCTV.FileJieXi(SXBCTV.java:155)] [INFO] [分割后的第三行：]
 2014-09-05 19:46:42 [Thread-0] [gdftpserver.SXBCTV.FileJieXi(SXBCTV.java:208)] [INFO] [生成的对象：BankStateVo [jybs=NYYH421243992, jym=0001, jymc=缴费, khbs=41433722430, khfzxx=, khmc=, jyrq=20140712, jysj=, jyje=36000, jycgbs=0, jycgbsxq=成功, yjylsh=, jyzt=0, jyztxq=成功, fhxx=, qybm=029, qymc=西安, jyqdbm=, jyqdmc=, jyjg=, jyjgmc=, czyh=, sfdwlbbm=96766, sfdwlbmc=广电缴费, sfdwyjjgbm=096766, sfdwyjjgmc=陕西广电网络, sfdwejjgbm=, sfdwejjgmc=, dzwjm=GDYH_20140712.txt, sdrq=20140905, dzjg=0, dzjgxq=未对账, beizhu=, baoliu1=, baoliu2=, baoliu3=, scsj=]]
 2014-09-05 19:46:42 [Thread-0] [gdftpserver.SXBCTV.FileJieXi(SXBCTV.java:212)] [INFO] [函数正常退出]
 2014-09-05 19:46:42 [Thread-0] [gdftpserver.MainServer.DeleteOldData(MainServer.java:159)] [INFO] [函数开始执行]
 2014-09-05 19:46:42 [Thread-0] [gdftpserver.TableManage.LogTableReturn(TableManage.java:95)] [INFO] [sql语句：UPDATE  gdbank_log SET dzjg ='0',dzjgxq='未对账' WHERE jyrq='20140712']
 2014-09-05 19:46:42 [Thread-0] [gdftpserver.TableManage.LogTableReturn(TableManage.java:97)] [INFO] [受影响的行数0]
 2014-09-05 19:46:42 [Thread-0] [gdftpserver.TableManage.DeleteOldData(TableManage.java:220)] [INFO] [sql语句：SELECT * FROM gdbank_statement where jyrq='20140712']
 2014-09-05 19:46:42 [Thread-0] [gdftpserver.TableManage.DeleteOldData(TableManage.java:320)] [INFO] [sql语句：DELETE FROM  gdbank_statement WHERE jyrq='20140712']
 2014-09-05 19:46:42 [Thread-0] [gdftpserver.TableManage.DeleteOldData(TableManage.java:322)] [INFO] [受影响的行数0]
 2014-09-05 19:46:42 [Thread-0] [gdftpserver.MainServer.DeleteOldData(MainServer.java:165)] [INFO] [函数正常退出]
 2014-09-05 19:46:42 [Thread-0] [gdftpserver.MainServer.DuiZhangAction(MainServer.java:171)] [INFO] [函数开始执行]
 2014-09-05 19:46:42 [Thread-0] [gdftpserver.MainServer.DuiZhangAction(MainServer.java:203)] [INFO] [NYYH348864438日志中不存在本条对账记录]
 2014-09-05 19:46:42 [Thread-0] [gdftpserver.MainServer.DuiZhangAction(MainServer.java:203)] [INFO] [NYYH421243992日志中不存在本条对账记录]
 2014-09-05 19:46:42 [Thread-0] [gdftpserver.MainServer.DuiZhangAction(MainServer.java:217)] [INFO] [函数正常退出]
 2014-09-05 19:46:42 [Thread-0] [gdftpserver.MainServer.InsertDataIntoDatabase(MainServer.java:224)] [INFO] [函数开始执行]
 2014-09-05 19:46:42 [Thread-0] [gdftpserver.TableManage.InsertBankStatementTable(TableManage.java:189)] [INFO] [sql语句：INSERT INTO gdbank_statement VALUES('NYYH348864438','0001','缴费','4286746147','','','20140712','','36000','0','成功','','0','成功','','0911','延安','','','','','','96766','广电缴费','096766','陕西广电网络','','','GDYH_20140712.txt','20140905','3','日志中不存在本条对账记录','','','','')]
 2014-09-05 19:46:42 [Thread-0] [gdftpserver.TableManage.InsertBankStatementTable(TableManage.java:191)] [INFO] [受影响的行数1]
 2014-09-05 19:46:42 [Thread-0] [gdftpserver.TableManage.InsertBankStatementTable(TableManage.java:189)] [INFO] [sql语句：INSERT INTO gdbank_statement VALUES('NYYH421243992','0001','缴费','41433722430','','','20140712','','36000','0','成功','','0','成功','','029','西安','','','','','','96766','广电缴费','096766','陕西广电网络','','','GDYH_20140712.txt','20140905','3','日志中不存在本条对账记录','','','','')]
 2014-09-05 19:46:42 [Thread-0] [gdftpserver.TableManage.InsertBankStatementTable(TableManage.java:191)] [INFO] [受影响的行数1]
 2014-09-05 19:46:42 [Thread-0] [gdftpserver.MainServer.InsertDataIntoDatabase(MainServer.java:228)] [INFO] [函数正常退出]
 2014-09-05 19:46:42 [Thread-0] [gdftpserver.MainServer.run(MainServer.java:270)] [INFO] [线程正常退出]
 2014-09-05 19:51:04 [main] [gdftpserver.MainServer.main(MainServer.java:281)] [INFO] [程序开始运行!]
 2014-09-05 19:51:07 [main] [gdftpserver.MainServer.main(MainServer.java:287)] [INFO] [/127.0.0.1:59368发起连接，已接受!]
 2014-09-05 19:51:07 [Thread-0] [gdftpserver.MainServer.run(MainServer.java:245)] [INFO] [线程开始运行]
 2014-09-05 19:51:07 [Thread-0] [gdftpserver.MainServer.ReadDataFromBank(MainServer.java:54)] [INFO] [函数开始执行]
 2014-09-05 19:51:07 [Thread-0] [gdftpserver.MainServer.ReadDataFromBank(MainServer.java:75)] [INFO] [获得报文头0550]
 2014-09-05 19:51:07 [Thread-0] [gdftpserver.MainServer.ReadDataFromBank(MainServer.java:93)] [INFO] [获得的整个报文[554]05500098    2013061400000022    20140905103106029 BK0100000000111111112002038795598       qudao                                                                                       0000    1111                201407120029                                    0029                                    0029                                                                                                                                                                                                                                                            ]
 2014-09-05 19:51:07 [Thread-0] [gdftpserver.MainServer.ReadDataFromBank(MainServer.java:95)] [INFO] [函数正常退出！]
 2014-09-05 19:51:07 [Thread-0] [gdftpserver.MainServer.DuiZhangDataJieXi(MainServer.java:111)] [INFO] [函数开始运行]
 2014-09-05 19:51:07 [Thread-0] [gdftpserver.MainServer.DuiZhangDataJieXi(MainServer.java:120)] [INFO] [解析到的数据[0][4][0550]]
 2014-09-05 19:51:07 [Thread-0] [gdftpserver.MainServer.DuiZhangDataJieXi(MainServer.java:120)] [INFO] [解析到的数据[1][8][0098    ]]
 2014-09-05 19:51:07 [Thread-0] [gdftpserver.MainServer.DuiZhangDataJieXi(MainServer.java:120)] [INFO] [解析到的数据[2][20][2013061400000022    ]]
 2014-09-05 19:51:07 [Thread-0] [gdftpserver.MainServer.DuiZhangDataJieXi(MainServer.java:120)] [INFO] [解析到的数据[3][8][20140905]]
 2014-09-05 19:51:07 [Thread-0] [gdftpserver.MainServer.DuiZhangDataJieXi(MainServer.java:120)] [INFO] [解析到的数据[4][6][103106]]
 2014-09-05 19:51:07 [Thread-0] [gdftpserver.MainServer.DuiZhangDataJieXi(MainServer.java:120)] [INFO] [解析到的数据[5][4][029 ]]
 2014-09-05 19:51:07 [Thread-0] [gdftpserver.MainServer.DuiZhangDataJieXi(MainServer.java:120)] [INFO] [解析到的数据[6][12][BK0100000000]]
 2014-09-05 19:51:07 [Thread-0] [gdftpserver.MainServer.DuiZhangDataJieXi(MainServer.java:120)] [INFO] [解析到的数据[7][8][11111111]]
 2014-09-05 19:51:07 [Thread-0] [gdftpserver.MainServer.DuiZhangDataJieXi(MainServer.java:120)] [INFO] [解析到的数据[8][8][20020387]]
 2014-09-05 19:51:07 [Thread-0] [gdftpserver.MainServer.DuiZhangDataJieXi(MainServer.java:120)] [INFO] [解析到的数据[9][12][95598       ]]
 2014-09-05 19:51:07 [Thread-0] [gdftpserver.MainServer.DuiZhangDataJieXi(MainServer.java:120)] [INFO] [解析到的数据[10][12][qudao       ]]
 2014-09-05 19:51:07 [Thread-0] [gdftpserver.MainServer.DuiZhangDataJieXi(MainServer.java:120)] [INFO] [解析到的数据[11][40][                                        ]]
 2014-09-05 19:51:07 [Thread-0] [gdftpserver.MainServer.DuiZhangDataJieXi(MainServer.java:120)] [INFO] [解析到的数据[12][40][                                        ]]
 2014-09-05 19:51:07 [Thread-0] [gdftpserver.MainServer.DuiZhangDataJieXi(MainServer.java:120)] [INFO] [解析到的数据[13][8][0000    ]]
 2014-09-05 19:51:07 [Thread-0] [gdftpserver.MainServer.DuiZhangDataJieXi(MainServer.java:120)] [INFO] [解析到的数据[14][20][1111                ]]
 2014-09-05 19:51:07 [Thread-0] [gdftpserver.MainServer.DuiZhangDataJieXi(MainServer.java:120)] [INFO] [解析到的数据[15][8][20140712]]
 2014-09-05 19:51:07 [Thread-0] [gdftpserver.MainServer.DuiZhangDataJieXi(MainServer.java:120)] [INFO] [解析到的数据[16][40][0029                                    ]]
 2014-09-05 19:51:07 [Thread-0] [gdftpserver.MainServer.DuiZhangDataJieXi(MainServer.java:120)] [INFO] [解析到的数据[17][40][0029                                    ]]
 2014-09-05 19:51:07 [Thread-0] [gdftpserver.MainServer.DuiZhangDataJieXi(MainServer.java:120)] [INFO] [解析到的数据[18][256][0029                                                                                                                                                                                                                                                            ]]
 2014-09-05 19:51:07 [Thread-0] [gdftpserver.MainServer.DuiZhangDataJieXi(MainServer.java:123)] [INFO] [函数正常退出]
 2014-09-05 19:51:07 [Thread-0] [gdftpserver.TableManage.LogTableSelectByDate(TableManage.java:26)] [INFO] [sql语句：SELECT * FROM gdbank_log where jyrq ='20140712' and jycgbs ='0']
 2014-09-05 19:51:07 [Thread-0] [gdftpserver.StateGrid.GetDuiZhangFile(StateGrid.java:158)] [INFO] [函数开始执行]
 2014-09-05 19:51:07 [Thread-0] [gdftpserver.StateGrid.GetDuiZhangFile(StateGrid.java:160)] [INFO] [本地保存文件路径为D:\localftp\20140905\]
 2014-09-05 19:51:07 [Thread-0] [gdftpserver.StateGrid.GetDuiZhangFile(StateGrid.java:166)] [INFO] [文件夹已存在，不需创建]
 2014-09-05 19:51:07 [Thread-0] [gdftpserver.StateGrid.GetDuiZhangFile(StateGrid.java:176)] [INFO] [远程目录下有4个文件]
 2014-09-05 19:51:07 [Thread-0] [gdftpserver.StateGrid.GetDuiZhangFile(StateGrid.java:181)] [INFO] [文件：0000000000000045_01_614044101_20131126_01.txt是电力的对账文件，继续解析]
 2014-09-05 19:51:07 [Thread-0] [gdftpserver.StateGrid.GetDuiZhangFile(StateGrid.java:184)] [INFO] [文件0000000000000045_01_614044101_20131126_01.txt文件名解析结果：]
 2014-09-05 19:51:07 [Thread-0] [gdftpserver.StateGrid.GetDuiZhangFile(StateGrid.java:186)] [INFO] [0000000000000045]
 2014-09-05 19:51:07 [Thread-0] [gdftpserver.StateGrid.GetDuiZhangFile(StateGrid.java:186)] [INFO] [01]
 2014-09-05 19:51:07 [Thread-0] [gdftpserver.StateGrid.GetDuiZhangFile(StateGrid.java:186)] [INFO] [614044101]
 2014-09-05 19:51:07 [Thread-0] [gdftpserver.StateGrid.GetDuiZhangFile(StateGrid.java:186)] [INFO] [20131126]
 2014-09-05 19:51:07 [Thread-0] [gdftpserver.StateGrid.GetDuiZhangFile(StateGrid.java:186)] [INFO] [01.txt]
 2014-09-05 19:51:07 [Thread-0] [gdftpserver.StateGrid.GetDuiZhangFile(StateGrid.java:195)] [WARN] [对账文件0000000000000045_01_614044101_20131126_01.txt不是20140712的对账文件，不进行下载]
 2014-09-05 19:51:07 [Thread-0] [gdftpserver.StateGrid.GetDuiZhangFile(StateGrid.java:181)] [INFO] [文件：0000000000000048_01_61403_20140314_01.txt是电力的对账文件，继续解析]
 2014-09-05 19:51:07 [Thread-0] [gdftpserver.StateGrid.GetDuiZhangFile(StateGrid.java:184)] [INFO] [文件0000000000000048_01_61403_20140314_01.txt文件名解析结果：]
 2014-09-05 19:51:07 [Thread-0] [gdftpserver.StateGrid.GetDuiZhangFile(StateGrid.java:186)] [INFO] [0000000000000048]
 2014-09-05 19:51:07 [Thread-0] [gdftpserver.StateGrid.GetDuiZhangFile(StateGrid.java:186)] [INFO] [01]
 2014-09-05 19:51:07 [Thread-0] [gdftpserver.StateGrid.GetDuiZhangFile(StateGrid.java:186)] [INFO] [61403]
 2014-09-05 19:51:07 [Thread-0] [gdftpserver.StateGrid.GetDuiZhangFile(StateGrid.java:186)] [INFO] [20140314]
 2014-09-05 19:51:07 [Thread-0] [gdftpserver.StateGrid.GetDuiZhangFile(StateGrid.java:186)] [INFO] [01.txt]
 2014-09-05 19:51:07 [Thread-0] [gdftpserver.StateGrid.GetDuiZhangFile(StateGrid.java:195)] [WARN] [对账文件0000000000000048_01_61403_20140314_01.txt不是20140712的对账文件，不进行下载]
 2014-09-05 19:51:07 [Thread-0] [gdftpserver.StateGrid.GetDuiZhangFile(StateGrid.java:200)] [WARN] [文件：GDYH_20140712.txt不是电力的对账文件，停止解析]
 2014-09-05 19:51:07 [Thread-0] [gdftpserver.StateGrid.GetDuiZhangFile(StateGrid.java:200)] [WARN] [文件：GDYH_20140904.txt不是电力的对账文件，停止解析]
 2014-09-05 19:51:07 [Thread-0] [gdftpserver.StateGrid.GetDuiZhangFile(StateGrid.java:204)] [INFO] [函数正常退出]
 2014-09-05 19:51:07 [Thread-0] [gdftpserver.SXBCTV.GetDuiZhangFile(SXBCTV.java:231)] [INFO] [函数开始执行]
 2014-09-05 19:51:07 [Thread-0] [gdftpserver.SXBCTV.GetDuiZhangFile(SXBCTV.java:233)] [INFO] [本地保存文件路径为D:\localftp\20140905\]
 2014-09-05 19:51:07 [Thread-0] [gdftpserver.SXBCTV.GetDuiZhangFile(SXBCTV.java:239)] [INFO] [文件夹已存在，不需创建]
 2014-09-05 19:51:07 [Thread-0] [gdftpserver.SXBCTV.GetDuiZhangFile(SXBCTV.java:249)] [INFO] [远程目录下有4个文件]
 2014-09-05 19:51:07 [Thread-0] [gdftpserver.SXBCTV.GetDuiZhangFile(SXBCTV.java:273)] [WARN] [文件：0000000000000045_01_614044101_20131126_01.txt不是广电的对账文件，停止解析]
 2014-09-05 19:51:07 [Thread-0] [gdftpserver.SXBCTV.GetDuiZhangFile(SXBCTV.java:273)] [WARN] [文件：0000000000000048_01_61403_20140314_01.txt不是广电的对账文件，停止解析]
 2014-09-05 19:51:07 [Thread-0] [gdftpserver.SXBCTV.GetDuiZhangFile(SXBCTV.java:254)] [INFO] [文件：GDYH_20140712.txt是广电的对账文件，继续解析]
 2014-09-05 19:51:07 [Thread-0] [gdftpserver.SXBCTV.GetDuiZhangFile(SXBCTV.java:257)] [INFO] [文件GDYH_20140712.txt文件名解析结果：]
 2014-09-05 19:51:07 [Thread-0] [gdftpserver.SXBCTV.GetDuiZhangFile(SXBCTV.java:259)] [INFO] [GDYH]
 2014-09-05 19:51:07 [Thread-0] [gdftpserver.SXBCTV.GetDuiZhangFile(SXBCTV.java:259)] [INFO] [20140712.txt]
 2014-09-05 19:51:07 [Thread-0] [gdftpserver.SXBCTV.GetDuiZhangFile(SXBCTV.java:262)] [INFO] [对账文件GDYH_20140712.txt是20140712的对账文件，进行下载]
 2014-09-05 19:51:07 [Thread-0] [gdftpserver.SXBCTV.GetDuiZhangFile(SXBCTV.java:254)] [INFO] [文件：GDYH_20140904.txt是广电的对账文件，继续解析]
 2014-09-05 19:51:07 [Thread-0] [gdftpserver.SXBCTV.GetDuiZhangFile(SXBCTV.java:257)] [INFO] [文件GDYH_20140904.txt文件名解析结果：]
 2014-09-05 19:51:07 [Thread-0] [gdftpserver.SXBCTV.GetDuiZhangFile(SXBCTV.java:259)] [INFO] [GDYH]
 2014-09-05 19:51:07 [Thread-0] [gdftpserver.SXBCTV.GetDuiZhangFile(SXBCTV.java:259)] [INFO] [20140904.txt]
 2014-09-05 19:51:07 [Thread-0] [gdftpserver.SXBCTV.GetDuiZhangFile(SXBCTV.java:268)] [WARN] [对账文件GDYH_20140904.txt不是20140712的对账文件，不进行下载]
 2014-09-05 19:51:07 [Thread-0] [gdftpserver.SXBCTV.GetDuiZhangFile(SXBCTV.java:277)] [INFO] [函数正常退出]
 2014-09-05 19:51:07 [Thread-0] [gdftpserver.MainServer.SendDataToBank(MainServer.java:127)] [INFO] [函数开始运行]
 2014-09-05 19:51:07 [Thread-0] [gdftpserver.MainServer.SendDataToBank(MainServer.java:147)] [INFO] [发送的数据为:[228]02242013061400000022    00                                                              029                                                                                                                                         ]
 2014-09-05 19:51:07 [Thread-0] [gdftpserver.MainServer.SendDataToBank(MainServer.java:148)] [INFO] [函数正常退出]
 2014-09-05 19:51:07 [Thread-0] [gdftpserver.StateGrid.FileJieXi(StateGrid.java:31)] [INFO] [开始解析文件：D:\localftp\20140905\GDYH_20140712.txt]
 2014-09-05 19:51:07 [Thread-0] [gdftpserver.StateGrid.FileJieXi(StateGrid.java:142)] [WARN] [文件：GDYH_20140712.txt不是电力的对账文件，停止解析]
 2014-09-05 19:51:07 [Thread-0] [gdftpserver.SXBCTV.FileJieXi(SXBCTV.java:38)] [INFO] [开始解析文件：D:\localftp\20140905\GDYH_20140712.txt]
 2014-09-05 19:51:07 [Thread-0] [gdftpserver.SXBCTV.FileJieXi(SXBCTV.java:41)] [INFO] [文件：GDYH_20140712.txt是广电的对账文件，继续解析]
 2014-09-05 19:51:07 [Thread-0] [gdftpserver.SXBCTV.FileJieXi(SXBCTV.java:52)] [INFO] [获得的第一行为：NYYH348864438                           NYYH                BIZ00801                                          360.00   021064              610600              1  ]
 2014-09-05 19:51:07 [Thread-0] [gdftpserver.SXBCTV.FileJieXi(SXBCTV.java:53)] [INFO] [获得的第二行为：021064              ????板??佃?缁?垂B???360???                      360.00   NYYH                BIZ00801                                          1  ]
 2014-09-05 19:51:07 [Thread-0] [gdftpserver.SXBCTV.FileJieXi(SXBCTV.java:54)] [INFO] [获得的第三行为：2600071200000000461350000514286746147      021064                                                                                                            YA寤跺???骇          021064              ????板??佃?缁?垂B???360???                      360.00   NYYH                BIZ00801                                          1                               ]
 2014-09-05 19:51:07 [Thread-0] [gdftpserver.SXBCTV.FileJieXi(SXBCTV.java:59)] [INFO] [第一行长度为：162]
 2014-09-05 19:51:07 [Thread-0] [gdftpserver.SXBCTV.FileJieXi(SXBCTV.java:60)] [INFO] [第二行长度为：150]
 2014-09-05 19:51:07 [Thread-0] [gdftpserver.SXBCTV.FileJieXi(SXBCTV.java:61)] [INFO] [第三行长度为：357]
 2014-09-05 19:51:07 [Thread-0] [gdftpserver.SXBCTV.FileJieXi(SXBCTV.java:84)] [INFO] [分割后的第一行：NYYH348864438]
 2014-09-05 19:51:07 [Thread-0] [gdftpserver.SXBCTV.FileJieXi(SXBCTV.java:84)] [INFO] [分割后的第一行：NYYH]
 2014-09-05 19:51:07 [Thread-0] [gdftpserver.SXBCTV.FileJieXi(SXBCTV.java:84)] [INFO] [分割后的第一行：BIZ00801]
 2014-09-05 19:51:07 [Thread-0] [gdftpserver.SXBCTV.FileJieXi(SXBCTV.java:84)] [INFO] [分割后的第一行：360.00]
 2014-09-05 19:51:07 [Thread-0] [gdftpserver.SXBCTV.FileJieXi(SXBCTV.java:84)] [INFO] [分割后的第一行：021064]
 2014-09-05 19:51:07 [Thread-0] [gdftpserver.SXBCTV.FileJieXi(SXBCTV.java:84)] [INFO] [分割后的第一行：610600]
 2014-09-05 19:51:07 [Thread-0] [gdftpserver.SXBCTV.FileJieXi(SXBCTV.java:84)] [INFO] [分割后的第一行：1]
 2014-09-05 19:51:07 [Thread-0] [gdftpserver.SXBCTV.FileJieXi(SXBCTV.java:221)] [ERROR] [java.lang.StringIndexOutOfBoundsException: String index out of range: 152]
 2014-09-05 19:51:07 [Thread-0] [gdftpserver.MainServer.DeleteOldData(MainServer.java:159)] [INFO] [函数开始执行]
 2014-09-05 19:51:07 [Thread-0] [gdftpserver.TableManage.LogTableReturn(TableManage.java:95)] [INFO] [sql语句：UPDATE  gdbank_log SET dzjg ='0',dzjgxq='未对账' WHERE jyrq='20140712']
 2014-09-05 19:51:07 [Thread-0] [gdftpserver.TableManage.LogTableReturn(TableManage.java:97)] [INFO] [受影响的行数0]
 2014-09-05 19:51:07 [Thread-0] [gdftpserver.TableManage.DeleteOldData(TableManage.java:220)] [INFO] [sql语句：SELECT * FROM gdbank_statement where jyrq='20140712']
 2014-09-05 19:51:07 [Thread-0] [gdftpserver.TableManage.DeleteOldData(TableManage.java:261)] [INFO] [获得的对象:BankStateVo [jybs=NYYH348864438, jym=0001, jymc=缴费, khbs=4286746147, khfzxx=, khmc=, jyrq=2014-07-12, jysj=00:00:00, jyje=36000, jycgbs=0, jycgbsxq=成功, yjylsh=, jyzt=0, jyztxq=成功, fhxx=, qybm=0911, qymc=延安, jyqdbm=, jyqdmc=, jyjg=, jyjgmc=, czyh=, sfdwlbbm=96766, sfdwlbmc=广电缴费, sfdwyjjgbm=096766, sfdwyjjgmc=陕西广电网络, sfdwejjgbm=, sfdwejjgmc=, dzwjm=GDYH_20140712.txt, sdrq=2014-09-05, dzjg=3, dzjgxq=日志中不存在本条对账记录, beizhu=, baoliu1=, baoliu2=, baoliu3=, scsj=null]]
 2014-09-05 19:51:07 [Thread-0] [gdftpserver.TableManage.DeleteOldData(TableManage.java:261)] [INFO] [获得的对象:BankStateVo [jybs=NYYH421243992, jym=0001, jymc=缴费, khbs=41433722430, khfzxx=, khmc=, jyrq=2014-07-12, jysj=00:00:00, jyje=36000, jycgbs=0, jycgbsxq=成功, yjylsh=, jyzt=0, jyztxq=成功, fhxx=, qybm=029, qymc=西安, jyqdbm=, jyqdmc=, jyjg=, jyjgmc=, czyh=, sfdwlbbm=96766, sfdwlbmc=广电缴费, sfdwyjjgbm=096766, sfdwyjjgmc=陕西广电网络, sfdwejjgbm=, sfdwejjgmc=, dzwjm=GDYH_20140712.txt, sdrq=2014-09-05, dzjg=3, dzjgxq=日志中不存在本条对账记录, beizhu=, baoliu1=, baoliu2=, baoliu3=, scsj=null]]
 2014-09-05 19:51:07 [Thread-0] [gdftpserver.TableManage.DeleteOldData(TableManage.java:313)] [INFO] [sql语句：INSERT INTO gdbank_statement_history VALUES('NYYH348864438','0001','缴费','4286746147','','','2014-07-12','00:00:00','36000','0','成功','','0','成功','','0911','延安','','','','','','96766','广电缴费','096766','陕西广电网络','','','GDYH_20140712.txt','2014-09-05','3','日志中不存在本条对账记录','','','','','2014-09-05 19:51:07')]
 2014-09-05 19:51:07 [Thread-0] [gdftpserver.TableManage.DeleteOldData(TableManage.java:313)] [INFO] [sql语句：INSERT INTO gdbank_statement_history VALUES('NYYH421243992','0001','缴费','41433722430','','','2014-07-12','00:00:00','36000','0','成功','','0','成功','','029','西安','','','','','','96766','广电缴费','096766','陕西广电网络','','','GDYH_20140712.txt','2014-09-05','3','日志中不存在本条对账记录','','','','','2014-09-05 19:51:07')]
 2014-09-05 19:51:07 [Thread-0] [gdftpserver.TableManage.DeleteOldData(TableManage.java:320)] [INFO] [sql语句：DELETE FROM  gdbank_statement WHERE jyrq='20140712']
 2014-09-05 19:51:07 [Thread-0] [gdftpserver.TableManage.DeleteOldData(TableManage.java:322)] [INFO] [受影响的行数2]
 2014-09-05 19:51:07 [Thread-0] [gdftpserver.MainServer.DeleteOldData(MainServer.java:165)] [INFO] [函数正常退出]
 2014-09-05 19:51:07 [Thread-0] [gdftpserver.MainServer.DuiZhangAction(MainServer.java:171)] [INFO] [函数开始执行]
 2014-09-05 19:51:07 [Thread-0] [gdftpserver.MainServer.DuiZhangAction(MainServer.java:217)] [INFO] [函数正常退出]
 2014-09-05 19:51:07 [Thread-0] [gdftpserver.MainServer.InsertDataIntoDatabase(MainServer.java:224)] [INFO] [函数开始执行]
 2014-09-05 19:51:07 [Thread-0] [gdftpserver.MainServer.InsertDataIntoDatabase(MainServer.java:228)] [INFO] [函数正常退出]
 2014-09-05 19:51:07 [Thread-0] [gdftpserver.MainServer.run(MainServer.java:270)] [INFO] [线程正常退出]
 2014-09-05 19:51:22 [main] [gdftpserver.MainServer.main(MainServer.java:281)] [INFO] [程序开始运行!]
 